AndroidStudioProjects/LabourDigital/app/build/intermediates/manifest_merge_blame_file/debug/manifest-merger-blame-debug-report.txt
1<?xml version="1.0" encoding="utf-8"?>
2<manifest xmlns:android="http://schemas.android.com/apk/res/android"
3    package="com.aditya.labourdigital"
4    android:versionCode="1"
5    android:versionName="1.0" >
6
7    <uses-sdk
8        android:minSdkVersion="24"
9        android:targetSdkVersion="33" />
10
11    <uses-permission android:name="android.permission.INTERNET" />
11-->src/main/AndroidManifest.xml:5:5-67
11-->src/main/AndroidManifest.xml:5:22-64
12    <uses-permission android:name="android.permission.ACCESS_NETWORK_STATE" />
12-->[com.google.firebase:firebase-auth:22.1.2] AndroidManifest.xml:26:5-79
12-->[com.google.firebase:firebase-auth:22.1.2] AndroidManifest.xml:26:22-76
13
14    <permission
14-->[androidx.core:core:1.9.0] AndroidManifest.xml:22:5-24:47
15        android:name="com.aditya.labourdigital.DYNAMIC_RECEIVER_NOT_EXPORTED_PERMISSION"
15-->[androidx.core:core:1.9.0] AndroidManifest.xml:23:9-81
16        android:protectionLevel="signature" />
16-->[androidx.core:core:1.9.0] AndroidManifest.xml:24:9-44
17
18    <uses-permission android:name="com.aditya.labourdigital.DYNAMIC_RECEIVER_NOT_EXPORTED_PERMISSION" />
18-->[androidx.core:core:1.9.0] AndroidManifest.xml:26:5-97
18-->[androidx.core:core:1.9.0] AndroidManifest.xml:26:22-94
19
20    <application
20-->src/main/AndroidManifest.xml:7:5-49:19
21        android:allowBackup="true"
21-->src/main/AndroidManifest.xml:8:9-35
22        android:appComponentFactory="androidx.core.app.CoreComponentFactory"
22-->[androidx.core:core:1.9.0] AndroidManifest.xml:28:18-86
23        android:dataExtractionRules="@xml/data_extraction_rules"
23-->src/main/AndroidManifest.xml:9:9-65
24        android:debuggable="true"
25        android:extractNativeLibs="false"
26        android:fullBackupContent="@xml/backup_rules"
26-->src/main/AndroidManifest.xml:10:9-54
27        android:icon="@mipmap/ic_launcher"
27-->src/main/AndroidManifest.xml:11:9-43
28        android:label="@string/app_name"
28-->src/main/AndroidManifest.xml:12:9-41
29        android:roundIcon="@mipmap/ic_launcher_round"
29-->src/main/AndroidManifest.xml:13:9-54
30        android:supportsRtl="true"
30-->src/main/AndroidManifest.xml:14:9-35
31        android:testOnly="true"
32        android:theme="@style/Theme.LabourDigital" >
32-->src/main/AndroidManifest.xml:15:9-51
33        <activity
33-->src/main/AndroidManifest.xml:17:9-19:40
34            android:name="com.aditya.labourdigital.FinalJobViewActivity"
34-->src/main/AndroidManifest.xml:18:13-49
35            android:exported="false" />
35-->src/main/AndroidManifest.xml:19:13-37
36        <activity
36-->src/main/AndroidManifest.xml:20:9-22:40
37            android:name="com.aditya.labourdigital.FinalPageActivity"
37-->src/main/AndroidManifest.xml:21:13-46
38            android:exported="false" />
38-->src/main/AndroidManifest.xml:22:13-37
39        <activity
39-->src/main/AndroidManifest.xml:23:9-27:58
40            android:name="com.aditya.labourdigital.JobActivity"
40-->src/main/AndroidManifest.xml:24:13-40
41            android:exported="false"
41-->src/main/AndroidManifest.xml:25:13-37
42            android:label="@string/title_activity_job"
42-->src/main/AndroidManifest.xml:26:13-55
43            android:theme="@style/Theme.LabourDigital" />
43-->src/main/AndroidManifest.xml:27:13-55
44        <activity
44-->src/main/AndroidManifest.xml:28:9-30:40
45            android:name="com.aditya.labourdigital.jobsActivity"
45-->src/main/AndroidManifest.xml:29:13-41
46            android:exported="false" />
46-->src/main/AndroidManifest.xml:30:13-37
47        <activity
47-->src/main/AndroidManifest.xml:31:9-33:40
48            android:name="com.aditya.labourdigital.UserActivity"
48-->src/main/AndroidManifest.xml:32:13-41
49            android:exported="false" />
49-->src/main/AndroidManifest.xml:33:13-37
50        <activity
50-->src/main/AndroidManifest.xml:34:9-36:40
51            android:name="com.aditya.labourdigital.RegisterActivity"
51-->src/main/AndroidManifest.xml:35:13-45
52            android:exported="false" />
52-->src/main/AndroidManifest.xml:36:13-37
53        <activity
53-->src/main/AndroidManifest.xml:37:9-39:40
54            android:name="com.aditya.labourdigital.LoginActivity"
54-->src/main/AndroidManifest.xml:38:13-42
55            android:exported="false" />
55-->src/main/AndroidManifest.xml:39:13-37
56        <activity
56-->src/main/AndroidManifest.xml:40:9-48:20
57            android:name="com.aditya.labourdigital.MainActivity"
57-->src/main/AndroidManifest.xml:41:13-41
58            android:exported="true" >
58-->src/main/AndroidManifest.xml:42:13-36
59            <intent-filter>
59-->src/main/AndroidManifest.xml:43:13-47:29
60                <action android:name="android.intent.action.MAIN" />
60-->src/main/AndroidManifest.xml:44:17-69
60-->src/main/AndroidManifest.xml:44:25-66
61
62                <category android:name="android.intent.category.LAUNCHER" />
62-->src/main/AndroidManifest.xml:46:17-77
62-->src/main/AndroidManifest.xml:46:27-74
63            </intent-filter>
64        </activity>
65        <activity
65-->[com.google.firebase:firebase-auth:22.1.2] AndroidManifest.xml:29:9-46:20
66            android:name="com.google.firebase.auth.internal.GenericIdpActivity"
66-->[com.google.firebase:firebase-auth:22.1.2] AndroidManifest.xml:30:13-80
67            android:excludeFromRecents="true"
67-->[com.google.firebase:firebase-auth:22.1.2] AndroidManifest.xml:31:13-46
68            android:exported="true"
68-->[com.google.firebase:firebase-auth:22.1.2] AndroidManifest.xml:32:13-36
69            android:launchMode="singleTask"
69-->[com.google.firebase:firebase-auth:22.1.2] AndroidManifest.xml:33:13-44
70            android:theme="@android:style/Theme.Translucent.NoTitleBar" >
70-->[com.google.firebase:firebase-auth:22.1.2] AndroidManifest.xml:34:13-72
71            <intent-filter>
71-->[com.google.firebase:firebase-auth:22.1.2] AndroidManifest.xml:35:13-45:29
72                <action android:name="android.intent.action.VIEW" />
72-->[com.google.firebase:firebase-auth:22.1.2] AndroidManifest.xml:36:17-69
72-->[com.google.firebase:firebase-auth:22.1.2] AndroidManifest.xml:36:25-66
73
74                <category android:name="android.intent.category.DEFAULT" />
74-->[com.google.firebase:firebase-auth:22.1.2] AndroidManifest.xml:38:17-76
74-->[com.google.firebase:firebase-auth:22.1.2] AndroidManifest.xml:38:27-73
75                <category android:name="android.intent.category.BROWSABLE" />
75-->[com.google.firebase:firebase-auth:22.1.2] AndroidManifest.xml:39:17-78
75-->[com.google.firebase:firebase-auth:22.1.2] AndroidManifest.xml:39:27-75
76
77                <data
77-->[com.google.firebase:firebase-auth:22.1.2] AndroidManifest.xml:41:17-44:51
78                    android:host="firebase.auth"
78-->[com.google.firebase:firebase-auth:22.1.2] AndroidManifest.xml:42:21-49
79                    android:path="/"
79-->[com.google.firebase:firebase-auth:22.1.2] AndroidManifest.xml:43:21-37
80                    android:scheme="genericidp" />
80-->[com.google.firebase:firebase-auth:22.1.2] AndroidManifest.xml:44:21-48
81            </intent-filter>
82        </activity>
83        <activity
83-->[com.google.firebase:firebase-auth:22.1.2] AndroidManifest.xml:47:9-64:20
84            android:name="com.google.firebase.auth.internal.RecaptchaActivity"
84-->[com.google.firebase:firebase-auth:22.1.2] AndroidManifest.xml:48:13-79
85            android:excludeFromRecents="true"
85-->[com.google.firebase:firebase-auth:22.1.2] AndroidManifest.xml:49:13-46
86            android:exported="true"
86-->[com.google.firebase:firebase-auth:22.1.2] AndroidManifest.xml:50:13-36
87            android:launchMode="singleTask"
87-->[com.google.firebase:firebase-auth:22.1.2] AndroidManifest.xml:51:13-44
88            android:theme="@android:style/Theme.Translucent.NoTitleBar" >
88-->[com.google.firebase:firebase-auth:22.1.2] AndroidManifest.xml:52:13-72
89            <intent-filter>
89-->[com.google.firebase:firebase-auth:22.1.2] AndroidManifest.xml:53:13-63:29
90                <action android:name="android.intent.action.VIEW" />
90-->[com.google.firebase:firebase-auth:22.1.2] AndroidManifest.xml:36:17-69
90-->[com.google.firebase:firebase-auth:22.1.2] AndroidManifest.xml:36:25-66
91
92                <category android:name="android.intent.category.DEFAULT" />
92-->[com.google.firebase:firebase-auth:22.1.2] AndroidManifest.xml:38:17-76
92-->[com.google.firebase:firebase-auth:22.1.2] AndroidManifest.xml:38:27-73
93                <category android:name="android.intent.category.BROWSABLE" />
93-->[com.google.firebase:firebase-auth:22.1.2] AndroidManifest.xml:39:17-78
93-->[com.google.firebase:firebase-auth:22.1.2] AndroidManifest.xml:39:27-75
94
95                <data
95-->[com.google.firebase:firebase-auth:22.1.2] AndroidManifest.xml:41:17-44:51
96                    android:host="firebase.auth"
96-->[com.google.firebase:firebase-auth:22.1.2] AndroidManifest.xml:42:21-49
97                    android:path="/"
97-->[com.google.firebase:firebase-auth:22.1.2] AndroidManifest.xml:43:21-37
98                    android:scheme="recaptcha" />
98-->[com.google.firebase:firebase-auth:22.1.2] AndroidManifest.xml:44:21-48
99            </intent-filter>
100        </activity>
101
102        <service
102-->[com.google.firebase:firebase-auth:22.1.2] AndroidManifest.xml:66:9-72:19
103            android:name="com.google.firebase.components.ComponentDiscoveryService"
103-->[com.google.firebase:firebase-auth:22.1.2] AndroidManifest.xml:67:13-84
104            android:directBootAware="true"
104-->[com.google.firebase:firebase-common:20.3.2] AndroidManifest.xml:34:13-43
105            android:exported="false" >
105-->[com.google.firebase:firebase-auth:22.1.2] AndroidManifest.xml:68:13-37
106            <meta-data
106-->[com.google.firebase:firebase-auth:22.1.2] AndroidManifest.xml:69:13-71:85
107                android:name="com.google.firebase.components:com.google.firebase.auth.FirebaseAuthRegistrar"
107-->[com.google.firebase:firebase-auth:22.1.2] AndroidManifest.xml:70:17-109
108                android:value="com.google.firebase.components.ComponentRegistrar" />
108-->[com.google.firebase:firebase-auth:22.1.2] AndroidManifest.xml:71:17-82
109            <meta-data
109-->[com.google.firebase:firebase-database:20.2.2] AndroidManifest.xml:31:13-33:85
110                android:name="com.google.firebase.components:com.google.firebase.database.DatabaseRegistrar"
110-->[com.google.firebase:firebase-database:20.2.2] AndroidManifest.xml:32:17-109
111                android:value="com.google.firebase.components.ComponentRegistrar" />
111-->[com.google.firebase:firebase-database:20.2.2] AndroidManifest.xml:33:17-82
112        </service>
113
114        <provider
114-->[com.google.firebase:firebase-common:20.3.2] AndroidManifest.xml:25:9-30:39
115            android:name="com.google.firebase.provider.FirebaseInitProvider"
115-->[com.google.firebase:firebase-common:20.3.2] AndroidManifest.xml:26:13-77
116            android:authorities="com.aditya.labourdigital.firebaseinitprovider"
116-->[com.google.firebase:firebase-common:20.3.2] AndroidManifest.xml:27:13-72
117            android:directBootAware="true"
117-->[com.google.firebase:firebase-common:20.3.2] AndroidManifest.xml:28:13-43
118            android:exported="false"
118-->[com.google.firebase:firebase-common:20.3.2] AndroidManifest.xml:29:13-37
119            android:initOrder="100" />
119-->[com.google.firebase:firebase-common:20.3.2] AndroidManifest.xml:30:13-36
120
121        <activity
121-->[com.google.android.gms:play-services-base:18.1.0] AndroidManifest.xml:20:9-22:45
122            android:name="com.google.android.gms.common.api.GoogleApiActivity"
122-->[com.google.android.gms:play-services-base:18.1.0] AndroidManifest.xml:20:19-85
123            android:exported="false"
123-->[com.google.android.gms:play-services-base:18.1.0] AndroidManifest.xml:22:19-43
124            android:theme="@android:style/Theme.Translucent.NoTitleBar" />
124-->[com.google.android.gms:play-services-base:18.1.0] AndroidManifest.xml:21:19-78
125
126        <uses-library
126-->[androidx.window:window:1.0.0] AndroidManifest.xml:25:9-27:40
127            android:name="androidx.window.extensions"
127-->[androidx.window:window:1.0.0] AndroidManifest.xml:26:13-54
128            android:required="false" />
128-->[androidx.window:window:1.0.0] AndroidManifest.xml:27:13-37
129        <uses-library
129-->[androidx.window:window:1.0.0] AndroidManifest.xml:28:9-30:40
130            android:name="androidx.window.sidecar"
130-->[androidx.window:window:1.0.0] AndroidManifest.xml:29:13-51
131            android:required="false" />
131-->[androidx.window:window:1.0.0] AndroidManifest.xml:30:13-37
132
133        <meta-data
133-->[com.google.android.gms:play-services-basement:18.1.0] AndroidManifest.xml:21:9-23:69
134            android:name="com.google.android.gms.version"
134-->[com.google.android.gms:play-services-basement:18.1.0] AndroidManifest.xml:22:13-58
135            android:value="@integer/google_play_services_version" />
135-->[com.google.android.gms:play-services-basement:18.1.0] AndroidManifest.xml:23:13-66
136
137        <provider
137-->[androidx.emoji2:emoji2:1.2.0] AndroidManifest.xml:24:9-32:20
138            android:name="androidx.startup.InitializationProvider"
138-->[androidx.emoji2:emoji2:1.2.0] AndroidManifest.xml:25:13-67
139            android:authorities="com.aditya.labourdigital.androidx-startup"
139-->[androidx.emoji2:emoji2:1.2.0] AndroidManifest.xml:26:13-68
140            android:exported="false" >
140-->[androidx.emoji2:emoji2:1.2.0] AndroidManifest.xml:27:13-37
141            <meta-data
141-->[androidx.emoji2:emoji2:1.2.0] AndroidManifest.xml:29:13-31:52
142                android:name="androidx.emoji2.text.EmojiCompatInitializer"
142-->[androidx.emoji2:emoji2:1.2.0] AndroidManifest.xml:30:17-75
143                android:value="androidx.startup" />
143-->[androidx.emoji2:emoji2:1.2.0] AndroidManifest.xml:31:17-49
144            <meta-data
144-->[androidx.lifecycle:lifecycle-process:2.4.1] AndroidManifest.xml:31:13-33:52
145                android:name="androidx.lifecycle.ProcessLifecycleInitializer"
145-->[androidx.lifecycle:lifecycle-process:2.4.1] AndroidManifest.xml:32:17-78
146                android:value="androidx.startup" />
146-->[androidx.lifecycle:lifecycle-process:2.4.1] AndroidManifest.xml:33:17-49
147        </provider>
148    </application>
149
150</manifest>